<?xml version="1.0" encoding="UTF-8"?>
<!-- Generated by org.testng.reporters.JUnitXMLReporter -->
<testsuite hostname="LAPTOP-56S86DOF" ignored="0" name="Test" tests="3" failures="1" timestamp="2022-04-21T09:08:07 IST" time="59.145" errors="0">
  <testcase name="testlogin1" time="0.112" classname="com.gth.AppTest"/>
  <testcase name="testlogin2" time="0.002" classname="com.gth.AppTest"/>
  <testcase name="login_Test" time="58.815" classname="com.gth.TC_Login">
    <failure type="java.lang.AssertionError" message="expected [Orangehrm] but found [OrangeHRM]">
      <![CDATA[java.lang.AssertionError: expected [Orangehrm] but found [OrangeHRM]
at com.gth.TC_Login.login_Test(TC_Login.java:24)
at java.util.ArrayList.forEach(ArrayList.java:1259)
... Removed 33 stack frames]]>
    </failure>
  </testcase> <!-- login_Test -->
</testsuite> <!-- Test -->
